<?xml version="1.0" encoding="UTF-8"?>
<!-- Generated by org.testng.reporters.JUnitXMLReporter -->
<testsuite ignored="0" hostname="LAPTOP-S3STUPU7" failures="0" tests="4" name="Test" time="20.199" errors="0" timestamp="2023-05-07T18:04:33 CEST">
  <testcase classname="Checks.TestCases" name="title" time="5.415"/>
  <testcase classname="Checks.TestCases2" name="searchgrade" time="6.91"/>
  <testcase classname="Checks.TestCase3" name="link" time="4.848"/>
  <testcase classname="Checks.TestCase5" name="sum" time="2.972"/>
</testsuite> <!-- Test -->
