<?xml version="1.0" encoding="UTF-8"?>
<testng-results ignored="0" total="1" passed="1" failed="0" skipped="0">
  <reporter-output>
  </reporter-output>
  <suite started-at="2023-05-07T18:15:25 CEST" name="Default suite" finished-at="2023-05-07T18:15:34 CEST" duration-ms="8526">
    <groups>
    </groups>
    <test started-at="2023-05-07T18:15:25 CEST" name="Default test" finished-at="2023-05-07T18:15:34 CEST" duration-ms="8526">
      <class name="Checks.TestCases2">
        <test-method signature="searchgrade()[pri:0, instance:Checks.TestCases2@11bd0f3b]" started-at="2023-05-07T18:15:25 CEST" name="searchgrade" finished-at="2023-05-07T18:15:34 CEST" duration-ms="8486" status="PASS">
          <reporter-output>
          </reporter-output>
        </test-method> <!-- searchgrade -->
      </class> <!-- Checks.TestCases2 -->
    </test> <!-- Default test -->
  </suite> <!-- Default suite -->
</testng-results>
